## This file declares modules and their associated definition files.
## It has been automatically generated by configure
## Use "Options/Reconfigure" if you need to update it after a
## configuration change. 
"Number Equations by Section" "eqs-within-sections" "Resets the equation number at section start and prepends the section number to the equation number, as in '(2.1)'." "" "" ""
"Theorems (Numbered by Section)" "theorems-sec" "Numbers theorems and the like by section (i.e., the counter is reset at each section start)." "" "theorems-std|theorems-ams" "theorems-chap"
"Theorems (Unnumbered)" "theorems-starred" "Defines only unnumbered theorem environments, and the proof environment, using the extended AMS machinery." "" "" "theorems-std|theorems-ams"
"Foot to End" "foottoend" "Sets all footnotes as endnotes. You will need to add \theendnotes in ERT where you want the endnotes to appear." "endnotes.sty" "" ""
"Linguistics" "linguistics" "Defines some special environments useful for linguistics (numbered examples, glosses, semantic markup, tableau floats). See linguistics.lyx file in examples." "covington.sty" "" ""
"Number Figures by Section" "figs-within-sections" "Resets the figure number at section start and prepends the section number to the figure number, as in 'fig. 2.1'." "" "" ""
"Theorems (Numbered by Type)" "theorems-bytype" "Defines some theorem environments for use with non-AMS classes. Contrary to the plain Theorem module, the different theorem types provided here each have a separate counter (e.g., theorem 1, theorem 2, lemma 1, proposition 1, theorem 3, lemma 2, ..., as opposed to theorem 1, theorem 2, lemma 3, proposition 4, ...). The numbering's scope is the whole document. For chapter- and section-wide numbering, use one of the 'within Sections'/'within Chapters' modules, respectively." "" "" "theorems-std|theorems-ams|theorems-starred|theorems-ams-bytype"
"Endnote" "endnotes" "Adds an endnote inset, in addition to footnotes. You will need to add \theendnotes in ERT where you want the endnotes to appear." "endnotes.sty" "" ""
"Braille" "braille" "Defines an environment to typeset Braille. For more details see Braille.lyx in examples." "braille.sty" "" ""
"Theorems (Numbered by Type within Chapters)" "theorems-chap-bytype" "Defines some theorem environments for use with non-AMS classes. Contrary to the plain Theorem module, the different theorem types provided here each have a separate counter (e.g., theorem 1, theorem 2, lemma 1, proposition 1, theorem 3, lemma 2, ..., as opposed to theorem 1, theorem 2, lemma 3, proposition 4, ...). The numbering is reset at each chapter start." "" "theorems-bytype|theorems-ams-bytype" "theorems-std|theorems-ams|theorems-starred|theorems-sec|theorems-sec-bytype"
"Theorems" "theorems-std" "Defines some theorem environments for use with non-AMS classes. By default, the theorems are numbered consecutively throughout the document. This can be changed by loading one of the 'Theorems (Numbered by ...)' modules." "" "" "theorems-ams|theorems-starred"
"Theorems (AMS-Extended, Numbered by Type)" "theorems-ams-extended-bytype" "Defines some additional theorem environments for use with the AMS theorems packages. Includes Criterion, Algorithm, Axiom, Condition, Note, Notation, Summary, Acknowledgement, Conclusion, Assumption, and Case, in both numbered and non-numbered forms. Contrary to the plain AMS-Extended module, the different theorem types provided here each have a separate counter (e.g., criterion 1, criterion 2, axiom 1, assumption 1, criterion 3, ..., as opposed to criterion 1, criterion 2, axiom 3, assumption 4, ...)." "" "theorems-ams-bytype" ""
"Hanging" "hanging" "Adds an environment for hanging paragraphs. Hanging paragraph is a paragraph in which the first line is set to the left margin, but all subsequent lines are indented." "" "" ""
"Theorems (Numbered by Chapter)" "theorems-chap" "Numbers theorems and the like by chapter (i.e., the counter is reset at each chapter start). Use this module only with document classes that provide a chapter environment." "" "theorems-std|theorems-ams" "theorems-sec"
"Theorems (Numbered by Type within Sections)" "theorems-sec-bytype" "Defines some theorem environments for use with non-AMS classes. Contrary to the plain Theorem module, the different theorem types provided here each have a separate counter (e.g., theorem 1, theorem 2, lemma 1, proposition 1, theorem 3, lemma 2, ..., as opposed to theorem 1, theorem 2, lemma 3, proposition 4, ...). The numbering is reset at each section start." "" "theorems-bytype|theorems-ams-bytype" "theorems-std|theorems-ams|theorems-starred|theorems-chap|theorems-chap-bytype"
"Theorems (AMS)" "theorems-ams" "Defines theorem environments and the proof environment using the extended AMS machinery. Both numbered and unnumbered types are provided. By default, the theorems are numbered consecutively throughout the document. This can be changed by loading one of the 'Theorems (Numbered by ...)' modules." "" "" "theorems-std|theorems-starred"
"Minimalistic" "minimalistic" "Redefines several insets (Index, Branch, URL) as being Minimalistic." "" "" ""
"Theorems (AMS-Extended)" "theorems-ams-extended" "Defines some additional theorem environments for use with the AMS theorems packages. Includes Criterion, Algorithm, Axiom, Condition, Note, Notation, Summary, Acknowledgement, Conclusion, Fact, Assumption, and Case, in both numbered and non-numbered forms." "" "theorems-ams" ""
"Number Tables by Section" "tabs-within-sections" "Resets the table number at section start and prepends the section number to the table number, as in 'Table 2.1'." "" "" ""
"Theorems (AMS, Numbered by Type)" "theorems-ams-bytype" "Defines theorem environments and the proof environment using the extended AMS machinery. Both numbered and unnumbered types are provided. Contrary to the plain AMS Theorem module, the different theorem types provided here each have a separate counter (e.g., theorem 1, theorem 2, lemma 1, proposition 1, theorem 3, lemma 2, ..., as opposed to theorem 1, theorem 2, lemma 3, proposition 4, ...). The numbering's scope is the whole document. For chapter- and section-wide numbering, use one of the 'within Sections'/'within Chapters' modules, respectively." "" "" "theorems-std|theorems-starred|theorems-ams|theorems-bytype"
"Logical Markup" "logicalmkup" "Defines some character styles for logical markup: noun, emph, strong, and code." "" "" ""
