ec
endnotes
endnotes
braille
accents
amstext
array
babel
bm
booktabs
braille
color
csquotes
endnotes
enumitem
esint
ifsym
ifthen
fancybox
fancyhdr
float
framed
geometry
graphicx
hyperref
hyphenat
listings
longtable
natbib
nicefrac
nomencl
pdfcolmk
pdfpages
prettyref
preview
rotating
rotfloat
setspace
slashed
soul
subfig
textcomp
ulem
units
url
varioref
wasysym
wrapfig
xargs
psnfss
avant
bookman
chancery
charter
courier
helvet
mathpazo
mathpple
mathptm
mathptmx
newcent
pifont
utopia
ae
bera
cmbright
eco
fourier
lmodern
tipa
