## This file declares layouts and their associated definition files.
## It has been automatically generated by configure
## Use "Tools/Reconfigure" if you need to update it after a
## configuration change. Run ./configure manually to update the
## system wide version of this file.
"AEA" "AEA" "article (American Economic Association)" "false" "AEA.cls,harvard.sty"
"IEEEtran" "IEEEtran" "article (IEEEtran)" "false" "IEEEtran.cls"
"aapaper" "aa" "article (A&A V4)" "false" "aa.cls"
"aastex" "aastex" "article (AASTeX)" "false" "aastex.cls"
"aa" "aa" "article (A&A)" "false" "aa.cls"
"achemso" "achemso" "article (ACS)" "false" "achemso.cls,cleveref.sty,natmove.sty"
"acmsiggraph" "acmsiggraph" "article (ACM SIGGRAPH)" "false" "acmsiggraph.cls,lineno.sty"
"agu-dtd" "AGU-article" "AGU article (SGML)" "true" ""
"agums" "aguplus" "article (AGU++ manuscript)" "false" "aguplus.cls,agums.sty"
"agutex" "agutex" "article (AGU)" "false" "agutex.cls"
"amsart" "amsart" "article (AMS)" "true" ""
"amsbook" "amsbook" "book (AMS)" "true" ""
"apa" "apa" "article (APA)" "false" "apa.cls,apacite.sty,endfloat.sty"
"arab-article" "arabart" "article (Arabic)" "false" "arabart.cls,arabrep.cls,altxext.sty,arabext.sty,arabtex.sty"
"armenian-article" "article" "article (Armenian)" "true" ""
"article-beamer" "article" "article (beamer)" "false" "beamerarticle.sty,pgf.sty"
"article" "article" "article" "true" ""
"beamer" "beamer" "presentation (beamer)" "false" "beamer.cls,pgf.sty,xcolor.sty,xxcolor.sty"
"book" "book" "book" "true" ""
"broadway" "broadway" "broadway" "false" "broadway.cls,lastpage.sty"
"chess" "article" "article (Chess)" "false" "lambda.sty,lyxskak.sty"
"cl2emult" "cl2emult" "article (Springer cl2emult)" "false" "cl2emult.cls"
"dinbrief" "dinbrief" "letter (DIN-Brief, German)" "false" "dinbrief.cls"
"docbook-book" "book" "DocBook book (SGML)" "true" ""
"docbook-chapter" "chapter" "DocBook chapter (SGML)" "true" ""
"docbook-section" "section" "DocBook section (SGML)" "true" ""
"docbook" "article" "DocBook article (SGML)" "true" ""
"doublecol-new" "doublecol-new" "article (Inderscience A4 journals)" "false" "doublecol-new.cls,epsf.sty,lastpage.sty"
"dtk" "dtk" "article (Die TeXnische Komoedie)" "false" "dtk.cls,dtklogos.sty,filecontents.sty"
"egs" "egs" "article (European Geophysical Society)" "false" "egs.cls"
"elsarticle" "elsarticle" "article (Elsevier)" "true" ""
"elsart" "elsart" "article (Elsevier, obsolete version)" "false" "elsart.cls"
"entcs" "entcs" "article (ENTCS)" "false" "entcs.cls,entcsmacro.sty"
"europecv" "europecv" "curriculum vitae (Europe)" "false" "europecv.cls,ucs.sty"
"extarticle" "extarticle" "article (more font sizes)" "true" ""
"extbook" "extbook" "book (more font sizes)" "true" ""
"extletter" "extletter" "letter (more font sizes)" "true" ""
"extreport" "extreport" "report (more font sizes)" "true" ""
"foils" "foils" "presentation (FoilTeX)" "false" "foils.cls"
"g-brief2" "g-brief2" "letter (g-brief2)" "false" "g-brief2.cls,europs.sty"
"g-brief" "g-brief" "letter (g-brief)" "false" "g-brief.cls,europs.sty"
"heb-article" "article" "article (Hebrew)" "true" ""
"heb-letter" "letter" "letter (Hebrew)" "true" ""
"hollywood" "hollywood" "hollywood" "false" "hollywood.cls"
"ijmpc" "ws-ijmpc" "article (IJMPC)" "false" "ws-ijmpc.cls"
"ijmpd" "ws-ijmpd" "article (IJMPD)" "false" "ws-ijmpd.cls"
"iopart" "iopart" "article (IOP)" "false" "iopart.cls,iopams.sty,setstack.sty"
"isprs" "isprs" "article (Int. Soc. for Photogrammetry etc)" "false" "isprs.cls"
"jarticle" "jarticle" "article (Japanese)" "false" "jarticle.cls,j-article.cls"
"jbook" "jbook" "book (Japanese)" "false" "jbook.cls,j-book.cls"
"jgrga" "aguplus" "article (AGU++ JGR)" "false" "aguplus.cls,jgrga.sty"
"jreport" "jreport" "report (Japanese)" "false" "jreport.cls,j-report.cls"
"jsarticle" "jsarticle" "article (Japanese New)" "false" "jsarticle.cls"
"jsbook" "jsbook" "book (Japanese New)" "false" "jsbook.cls"
"jss" "jss" "article (Journal of Statistical Software)" "false" "jss.cls"
"kluwer" "kluwer" "article (Kluwer)" "false" "kluwer.cls"
"larkc" "larkc" "larkc" "false" "larkc.cls"
"latex8" "article" "article (Latex8)" "false" "latex8.sty"
"letter" "letter" "letter" "true" ""
"literate-article" "article" "article (Noweb)" "false" "noweb.sty"
"literate-book" "book" "book (Noweb)" "false" "noweb.sty"
"literate-report" "report" "report (Noweb)" "false" "noweb.sty"
"llncs" "llncs" "article (Springer LNCS)" "false" "llncs.cls"
"ltugboat" "ltugboat" "article (TUGboat)" "false" "ltugboat.cls"
"memoir" "memoir" "book (Memoir)" "true" ""
"moderncv" "moderncv" "curriculum vitae (modern)" "false" "moderncv.cls,marvosym.sty"
"mwart" "mwart" "article (Polish version by M.W.)" "false" "mwart.cls"
"mwbk" "mwbk" "book (Polish version by M.W.)" "false" "mwbk.cls"
"mwrep" "mwrep" "report (Polish version by M.W.)" "false" "mwrep.cls"
"paper" "paper" "article (paper)" "false" "paper.cls"
"powerdot" "powerdot" "presentation (powerdot)" "false" "enumitem.sty,pstricks.sty,xcolor.sty"
"recipebook" "scrbook" "book (recipes)" "true" ""
"report" "report" "report" "true" ""
"revtex4" "revtex4" "article (REVTeX 4)" "false" "revtex4.cls,revsymb.sty"
"revtex" "revtex" "article (REVTeX)" "false" "revtex.cls,revtex.sty"
"scrartcl" "scrartcl" "article (KOMA-Script)" "true" ""
"scrarticle-beamer" "scrartcl" "article (koma + beamer)" "false" "beamerarticle.sty,pgf.sty"
"scrbook" "scrbook" "book (KOMA-Script)" "true" ""
"scrlettr" "scrlettr" "letter (KOMA-Script)" "true" ""
"scrlttr2" "scrlttr2" "letter (KOMA-Script v.2)" "true" ""
"scrreprt" "scrreprt" "report (KOMA-Script)" "true" ""
"seminar" "seminar" "transparencies (seminar)" "true" ""
"siamltex" "siamltex" "article (SIAM)" "false" "siamltex.cls"
"sigplanconf" "sigplanconf" "article (ACM SIGPLAN)" "false" "sigplanconf.cls"
"simplecv" "simplecv" "curriculum vitae (simple)" "false" "simplecv.cls"
"singlecol-new" "singlecol-new" "article (Inderscience 9.5 x 6.5 journals)" "false" "singlecol-new.cls,epsf.sty,lastpage.sty"
"singlecol" "singlecol" "article (Inderscience, obsolete version)" "false" "singlecol.cls"
"slides" "slides" "transparencies (slides)" "true" ""
"spie" "spie" "article (SPIE Proceedings)" "false" "spie.cls"
"svglobal3" "svjour3" "article (Springer svjour3/global)" "false" "svjour3.cls,svglov3.clo"
"svglobal" "svjour" "article (Springer svjour/global)" "false" "svjour.cls,svglobal.clo"
"svjog" "svjour" "article (Springer svjour/jog)" "false" "svjour.cls,svjog.clo"
"svmono" "svmono" "book (Springer svmono)" "false" "svmono.cls"
"svmult" "svmult" "book (Springer svmult)" "false" "svmult.cls"
"svprobth" "svjour" "article (Springer svjour/PTRF)" "false" "svjour.cls,svprobth.clo"
"tarticle" "tarticle" "article (Japanese in vertical writing)" "false" "tarticle.cls,plext.sty"
"tbook" "tbook" "book (Japanese in vertical writing)" "false" "tbook.cls,plext.sty"
"treport" "treport" "report (Japanese in vertical writing)" "false" "treport.cls,plext.sty"
"tufte-book" "tufte-book" "book (Tufte)" "false" "tufte-book.cls,optparams.sty,paralist.sty,placeins.sty,textcase.sty,titlesec.sty,titletoc.sty,xcolor.sty,xifthen.sty"
"tufte-handout" "tufte-handout" "handout (Tufte)" "false" "tufte-handout.cls,optparams.sty,paralist.sty,placeins.sty,textcase.sty,titlesec.sty,titletoc.sty,xcolor.sty,xifthen.sty"
